2024-11-15 18:55:29,351 [140227880325760] INFO: 连接力传感器成功，读取原始力传感器数据线程启动
2024-11-15 18:55:30,197 [140227880325760] INFO: 连接机器人成功
2024-11-15 18:55:30,197 [140227880325760] INFO: 不连接机器人和力传感器，执行离线力传感器标定
2024-11-15 19:26:46,048 [140112835850880] INFO: 连接力传感器成功，读取原始力传感器数据线程启动
2024-11-15 19:26:46,889 [140112835850880] INFO: 连接机器人成功
2024-11-15 19:26:46,889 [140112835850880] INFO: 不连接机器人和力传感器，执行离线力传感器标定
2024-11-15 19:27:38,510 [139738823406208] INFO: 连接力传感器成功，读取原始力传感器数据线程启动
2024-11-15 19:27:39,344 [139738823406208] INFO: 连接机器人成功
2024-11-15 19:27:39,344 [139738823406208] INFO: 不连接机器人和力传感器，执行离线力传感器标定
2024-11-15 19:27:39,394 [139738823406208] INFO: 负载重心在力传感器坐标系下的坐标:x: -0.010996810670585994, y: 0.008381075092687124, z: 0.04079924036793505
2024-11-15 19:27:39,395 [139738823406208] INFO: 负载重力:[7.17083598]
2024-11-15 19:27:39,395 [139738823406208] INFO: 传感器零点:fx0: 0.44418668690965524, fy0: -3.9132144970243354, fz0: 2.8143457033027643
2024-11-15 19:27:39,395 [139738823406208] INFO: 传感器零点:Mx0: 0.04252669346713949, My0: -0.16242712048918437, Mz0: 0.0051473360860607095
2024-11-15 19:27:39,395 [139738823406208] INFO: 保存标定结果到calibration_result.json文件
2024-11-15 19:36:32,845 [140089767953024] INFO: 连接力传感器成功，读取原始力传感器数据线程启动
2024-11-15 19:36:33,672 [140089767953024] INFO: 连接机器人成功
2024-11-15 19:36:33,673 [140089767953024] INFO: 连接力传感器成功，获取外部力传感器数据线程启动
2024-11-15 19:38:04,118 [139624685388416] INFO: 连接力传感器成功，读取原始力传感器数据线程启动
2024-11-15 19:38:04,967 [139624685388416] INFO: 连接机器人成功
2024-11-15 19:38:04,967 [139624685388416] INFO: 连接力传感器成功，获取外部力传感器数据线程启动
2024-11-18 14:52:09,979 [139903719801472] INFO: 连接力传感器成功，读取原始力传感器数据线程启动
2024-11-18 14:52:10,814 [139903719801472] INFO: 连接机器人成功
2024-11-18 14:52:10,815 [139903719801472] INFO: 连接力传感器成功，获取外部力传感器数据线程启动
2024-12-03 15:43:18,092 [139696948732544] INFO: 连接力传感器成功，读取原始力传感器数据线程启动
2024-12-03 15:43:18,995 [139696948732544] INFO: 连接机器人成功
2024-12-03 15:43:18,995 [139696948732544] INFO: 连接力传感器成功，获取外部力传感器数据线程启动
2024-12-03 15:44:54,687 [139818510672512] INFO: 连接力传感器成功，读取原始力传感器数据线程启动
2024-12-03 15:44:55,534 [139818510672512] INFO: 连接机器人成功
2024-12-03 15:44:55,535 [139818510672512] INFO: 连接力传感器成功，获取外部力传感器数据线程启动
2024-12-16 19:47:41,796 [139827306095232] INFO: 连接力传感器成功，读取原始力传感器数据线程启动
2024-12-16 19:47:42,637 [139827306095232] INFO: 连接机器人成功
2024-12-16 19:47:42,638 [139827306095232] INFO: 连接力传感器成功，获取外部力传感器数据线程启动
2024-12-16 19:49:02,220 [140250461733504] INFO: 连接力传感器成功，读取原始力传感器数据线程启动
2024-12-16 19:49:03,070 [140250461733504] INFO: 连接机器人成功
2024-12-16 19:49:03,070 [140250461733504] INFO: 连接力传感器成功，获取外部力传感器数据线程启动
2024-12-16 19:49:48,563 [140556104032896] INFO: 连接力传感器成功，读取原始力传感器数据线程启动
2024-12-16 19:49:49,417 [140556104032896] INFO: 连接机器人成功
2024-12-16 19:49:49,419 [140556104032896] INFO: 连接力传感器成功，获取外部力传感器数据线程启动
2024-12-16 19:50:33,415 [140571959612032] INFO: 连接力传感器成功，读取原始力传感器数据线程启动
2024-12-16 19:50:34,260 [140571959612032] INFO: 连接机器人成功
2024-12-16 19:50:34,261 [140571959612032] INFO: 连接力传感器成功，获取外部力传感器数据线程启动
2024-12-16 19:51:42,219 [140641774510720] INFO: 连接力传感器成功，读取原始力传感器数据线程启动
2024-12-16 19:51:43,062 [140641774510720] INFO: 连接机器人成功
2024-12-16 19:51:43,063 [140641774510720] INFO: 连接力传感器成功，获取外部力传感器数据线程启动
2024-12-16 19:52:45,376 [140512150389376] INFO: 连接力传感器成功，读取原始力传感器数据线程启动
2024-12-16 19:52:46,216 [140512150389376] INFO: 连接机器人成功
2024-12-16 19:52:46,216 [140512150389376] INFO: 连接力传感器成功，获取外部力传感器数据线程启动
2024-12-16 19:53:47,497 [140124931736192] INFO: 连接力传感器成功，读取原始力传感器数据线程启动
2024-12-16 19:53:48,337 [140124931736192] INFO: 连接机器人成功
2024-12-16 19:53:48,338 [140124931736192] INFO: 连接力传感器成功，获取外部力传感器数据线程启动
2024-12-16 19:54:43,217 [140273833112192] INFO: 连接力传感器成功，读取原始力传感器数据线程启动
2024-12-16 19:54:44,057 [140273833112192] INFO: 连接机器人成功
2024-12-16 19:54:44,058 [140273833112192] INFO: 连接力传感器成功，获取外部力传感器数据线程启动
2024-12-16 19:55:15,106 [140441073328768] INFO: 连接力传感器成功，读取原始力传感器数据线程启动
2024-12-16 19:55:15,945 [140441073328768] INFO: 连接机器人成功
2024-12-16 19:55:15,945 [140441073328768] INFO: 连接力传感器成功，获取外部力传感器数据线程启动
2024-12-16 19:56:35,619 [140482486473344] INFO: 连接力传感器成功，读取原始力传感器数据线程启动
2024-12-16 19:56:36,454 [140482486473344] INFO: 连接机器人成功
2024-12-16 19:56:36,455 [140482486473344] INFO: 连接力传感器成功，获取外部力传感器数据线程启动
2024-12-16 19:57:39,645 [139656107397760] INFO: 连接力传感器成功，读取原始力传感器数据线程启动
2024-12-16 19:57:40,483 [139656107397760] INFO: 连接机器人成功
2024-12-16 19:57:40,483 [139656107397760] INFO: 连接力传感器成功，获取外部力传感器数据线程启动
2024-12-16 19:59:42,144 [140209366708864] INFO: 连接力传感器成功，读取原始力传感器数据线程启动
2024-12-16 19:59:42,994 [140209366708864] INFO: 连接机器人成功
2024-12-16 19:59:42,995 [140209366708864] INFO: 连接力传感器成功，获取外部力传感器数据线程启动
2024-12-16 20:01:25,987 [139785038840448] INFO: 连接力传感器成功，读取原始力传感器数据线程启动
2024-12-16 20:01:26,827 [139785038840448] INFO: 连接机器人成功
2024-12-16 20:01:26,828 [139785038840448] INFO: 连接力传感器成功，获取外部力传感器数据线程启动
2024-12-16 20:02:04,585 [139997542527616] INFO: 连接力传感器成功，读取原始力传感器数据线程启动
2024-12-16 20:02:05,437 [139997542527616] INFO: 连接机器人成功
2024-12-16 20:02:05,438 [139997542527616] INFO: 连接力传感器成功，获取外部力传感器数据线程启动
2024-12-16 20:03:09,757 [140257544753792] INFO: 连接力传感器成功，读取原始力传感器数据线程启动
2024-12-16 20:03:10,622 [140257544753792] INFO: 连接机器人成功
2024-12-16 20:03:10,623 [140257544753792] INFO: 连接力传感器成功，获取外部力传感器数据线程启动
2024-12-16 20:05:07,778 [139797580722816] INFO: 连接力传感器成功，读取原始力传感器数据线程启动
2024-12-16 20:05:08,617 [139797580722816] INFO: 连接机器人成功
2024-12-16 20:05:08,618 [139797580722816] INFO: 连接力传感器成功，获取外部力传感器数据线程启动
2024-12-16 20:15:57,456 [140127856738944] INFO: 连接力传感器成功，读取原始力传感器数据线程启动
2024-12-16 20:15:58,293 [140127856738944] INFO: 连接机器人成功
2024-12-16 20:15:58,294 [140127856738944] INFO: 连接力传感器成功，获取外部力传感器数据线程启动
2024-12-24 20:57:35,848 [140192459661952] INFO: 连接力传感器成功，读取原始力传感器数据线程启动
2024-12-24 20:57:36,715 [140192459661952] INFO: 连接机器人成功
2024-12-24 20:57:36,717 [140192459661952] INFO: 连接力传感器成功，获取外部力传感器数据线程启动
