2024-12-04 17:54:55,362 [140081007215232] INFO: Dec 04 2024 17:54:55 test beginning...
2024-12-04 17:54:58,000 [140081007215232] INFO: Dec 04 2024 17:54:58 get_arm_state completed.
2024-12-04 17:55:31,484 [140163383095936] INFO: Dec 04 2024 17:55:31 test beginning...
2024-12-04 17:55:34,000 [140163383095936] INFO: Dec 04 2024 17:55:34 get_arm_state completed.
2024-12-04 18:12:36,870 [139766034018944] INFO: Dec 04 2024 18:12:36 test beginning...
2024-12-04 18:12:39,000 [139766034018944] INFO: Dec 04 2024 18:12:39 get_arm_state completed.
2024-12-04 18:13:22,397 [139963149181568] INFO: Dec 04 2024 18:13:22 test beginning...
2024-12-04 18:13:25,000 [139963149181568] INFO: Dec 04 2024 18:13:25 get_arm_state completed.
2024-12-04 18:14:30,556 [139949939520128] INFO: Dec 04 2024 18:14:30 test beginning...
2024-12-04 18:14:33,000 [139949939520128] INFO: Dec 04 2024 18:14:33 get_arm_state completed.
2024-12-04 18:15:23,503 [140699018957440] INFO: Dec 04 2024 18:15:23 test beginning...
2024-12-04 18:15:26,000 [140699018957440] INFO: Dec 04 2024 18:15:26 get_arm_state completed.
2024-12-09 20:37:47,664 [139679212302976] INFO: Dec 09 2024 20:37:47 test beginning...
2024-12-09 20:37:51,007 [139679212302976] INFO: connect server192.168.26.103:8899 failed.
2024-12-09 20:37:52,000 [139679212302976] INFO: Dec 09 2024 20:37:52 get_arm_state completed.
2024-12-13 21:01:02,723 [140174201754240] INFO: Dec 13 2024 21:01:02 test beginning...
2024-12-13 21:01:05,000 [140174201754240] INFO: Dec 13 2024 21:01:05 get_arm_state completed.
2024-12-24 17:16:40,171 [140372632401088] INFO: Dec 24 2024 17:16:40 test beginning...
2024-12-24 17:16:43,000 [140372632401088] INFO: Dec 24 2024 17:16:43 get_arm_state completed.
2025-01-03 11:22:02,950 [140394040140992] INFO: Jan 03 2025 11:22:02 test beginning...
2025-01-03 11:22:05,000 [140394040140992] INFO: Jan 03 2025 11:22:05 get_arm_state completed.
2025-01-03 11:22:57,927 [140593887773888] INFO: Jan 03 2025 11:22:57 test beginning...
2025-01-03 11:23:00,000 [140593887773888] INFO: Jan 03 2025 11:23:00 get_arm_state completed.
2025-01-03 11:36:01,318 [139657430242496] INFO: Jan 03 2025 11:36:01 test beginning...
2025-01-03 11:36:04,000 [139657430242496] INFO: Jan 03 2025 11:36:04 get_arm_state completed.
