2024-11-14 15:35:37,900 [140643758994048] INFO: 连接机器人和力传感器，执行在线力传感器标定
2024-11-14 15:35:37,900 [140643758994048] INFO: 连接力传感器成功，读取力传感器数据线程启动
2024-11-14 15:35:38,741 [140643758994048] INFO: 连接机器人成功
2024-11-14 15:46:44,088 [139718360343168] INFO: 连接机器人和力传感器，执行在线力传感器标定
2024-11-14 15:46:44,088 [139718360343168] INFO: 连接力传感器成功，读取力传感器数据线程启动
2024-11-14 15:46:44,924 [139718360343168] INFO: 连接机器人成功
2024-11-14 15:46:59,732 [139718360343168] INFO: 获取的力传感数值: [0. 0. 0. 0. 0. 0.]
2024-11-14 15:46:59,737 [139718360343168] INFO: 获取的末端姿态矩阵: [[ 0.92529742 -0.12461608 -0.35818364]
 [-0.02550733  0.92188348 -0.38662672]
 [ 0.37838349  0.36688101  0.84983778]]
2024-11-14 15:49:02,832 [139963757875840] INFO: 连接机器人和力传感器，执行在线力传感器标定
2024-11-14 15:49:02,833 [139963757875840] INFO: 连接力传感器成功，读取力传感器数据线程启动
2024-11-14 15:49:03,667 [139963757875840] INFO: 连接机器人成功
2024-11-14 15:49:19,574 [139963757875840] INFO: 获取的力传感数值: [3.7324218750000004, -1.7226562500000002, -2.775390625, -0.11101562500000002, -0.09953125000000002, -0.042109375000000004]
2024-11-14 15:49:19,580 [139963757875840] INFO: 获取的末端姿态矩阵: [[ 0.92529743 -0.12461587 -0.35818368]
 [-0.02550731  0.9218837  -0.3866262 ]
 [ 0.37838346  0.36688053  0.84983801]]
2024-11-14 15:49:19,581 [139963757875840] INFO: 标定点数：1
2024-11-14 15:50:41,005 [140308907299456] INFO: 连接机器人和力传感器，执行在线力传感器标定
2024-11-14 15:50:41,005 [140308907299456] INFO: 连接力传感器成功，读取力传感器数据线程启动
2024-11-14 15:50:41,840 [140308907299456] INFO: 连接机器人成功
2024-11-14 15:50:47,615 [140308907299456] INFO: 获取的力传感数值: [3.7324218750000004, -1.6269531250000002, -2.6796875, -0.10718750000000002, -0.10335937500000002, -0.03828125]
2024-11-14 15:50:47,621 [140308907299456] INFO: 获取的末端姿态矩阵: [[ 0.92529743 -0.12461587 -0.35818368]
 [-0.02550731  0.9218837  -0.3866262 ]
 [ 0.37838346  0.36688053  0.84983801]]
2024-11-14 15:50:47,623 [140308907299456] INFO: 标定点数：1
2024-11-14 15:51:27,019 [140308907299456] INFO: 获取的力传感数值: [0.57421875, -10.52734375, 0.19140625, 0.29859375000000005, -0.179921875, 0.08039062500000001]
2024-11-14 15:51:27,021 [140308907299456] INFO: 获取的末端姿态矩阵: [[ 0.99826737  0.00664999  0.05846405]
 [-0.05604796  0.40995348  0.91038276]
 [-0.0179135  -0.91208219  0.4096159 ]]
2024-11-14 15:51:27,022 [140308907299456] INFO: 标定点数：2
2024-11-14 15:51:36,808 [140308907299456] INFO: 获取的力传感数值: [4.498046875, -7.943359375000001, -1.7226562500000002, 0.14164062500000002, -0.019140625, 0.026796875000000005]
2024-11-14 15:51:36,812 [140308907299456] INFO: 获取的末端姿态矩阵: [[ 0.78784227  0.29064455 -0.54298278]
 [ 0.00728745  0.87718043  0.4801056 ]
 [ 0.61583394 -0.38220444  0.68896177]]
2024-11-14 15:51:36,813 [140308907299456] INFO: 标定点数：3
2024-11-14 15:51:45,247 [140308907299456] INFO: 获取的力传感数值: [0.287109375, -10.14453125, -0.287109375, 0.264140625, -0.23351562500000003, 0.034453125]
2024-11-14 15:51:45,252 [140308907299456] INFO: 获取的末端姿态矩阵: [[ 0.83876146 -0.50082577  0.21366507]
 [ 0.0616682   0.47725784  0.87659682]
 [-0.54099561 -0.72207929  0.43119051]]
2024-11-14 15:51:45,252 [140308907299456] INFO: 标定点数：4
2024-11-14 15:51:54,008 [140308907299456] INFO: 获取的力传感数值: [0.095703125, -11.29296875, 2.87109375, 0.35984375, -0.16843750000000002, 0.11101562500000002]
2024-11-14 15:51:54,013 [140308907299456] INFO: 获取的末端姿态矩阵: [[ 0.99297801 -0.07542105  0.0911391 ]
 [-0.0901659   0.01621669  0.99579472]
 [-0.07658186 -0.9970199   0.00930241]]
2024-11-14 15:51:54,013 [140308907299456] INFO: 标定点数：5
2024-11-14 15:52:08,568 [140308907299456] INFO: 获取的力传感数值: [0.57421875, 1.53125, -2.392578125, -0.20289062500000005, -0.21054687500000002, -0.061250000000000006]
2024-11-14 15:52:08,573 [140308907299456] INFO: 获取的末端姿态矩阵: [[ 0.98754047  0.07995131  0.13554188]
 [ 0.04593634  0.67734638 -0.73422867]
 [-0.15051134  0.73130683  0.66523429]]
2024-11-14 15:52:08,574 [140308907299456] INFO: 标定点数：6
2024-11-14 15:52:12,843 [140308907299456] INFO: 负载重心在力传感器坐标系下的坐标:x: -0.010996810670585994, y: 0.008381075092687124, z: 0.04079924036793505
2024-11-14 15:52:12,844 [140308907299456] INFO: 负载重力:[7.17083598]
2024-11-14 15:52:12,844 [140308907299456] INFO: 传感器零点:fx0: 0.44418668690965524, fy0: -3.9132144970243354, fz0: 2.8143457033027643
2024-11-14 15:52:12,844 [140308907299456] INFO: 传感器零点:Mx0: 0.04252669346713949, My0: -0.16242712048918437, Mz0: 0.0051473360860607095
2024-11-14 16:00:18,517 [140085625565824] INFO: 连接机器人和力传感器，执行在线力传感器标定
2024-11-14 16:00:18,518 [140085625565824] INFO: 连接力传感器成功，读取力传感器数据线程启动
2024-11-14 16:00:19,355 [140085625565824] INFO: 连接机器人成功
2024-11-14 16:02:23,623 [140091815985792] INFO: 连接机器人和力传感器，执行在线力传感器标定
2024-11-14 16:02:23,624 [140091815985792] INFO: 连接力传感器成功，读取力传感器数据线程启动
2024-11-14 16:02:24,461 [140091815985792] INFO: 连接机器人成功
2024-11-14 16:02:58,527 [139803731858048] INFO: 连接机器人和力传感器，执行在线力传感器标定
2024-11-14 16:02:58,527 [139803731858048] INFO: 连接力传感器成功，读取力传感器数据线程启动
2024-11-14 16:02:59,368 [139803731858048] INFO: 连接机器人成功
2024-11-14 16:02:59,370 [139803731858048] INFO: 负载重心在力传感器坐标系下的坐标:x: -0.010996810670585994, y: 0.008381075092687124, z: 0.04079924036793505
2024-11-14 16:02:59,371 [139803731858048] INFO: 负载重力:[7.17083598]
2024-11-14 16:02:59,371 [139803731858048] INFO: 传感器零点:fx0: 0.44418668690965524, fy0: -3.9132144970243354, fz0: 2.8143457033027643
2024-11-14 16:02:59,371 [139803731858048] INFO: 传感器零点:Mx0: 0.04252669346713949, My0: -0.16242712048918437, Mz0: 0.0051473360860607095
2024-11-14 16:02:59,371 [139803731858048] INFO: 保存标定结果到calibration_result.json文件
2024-11-14 16:03:17,631 [140430751478400] INFO: 连接机器人和力传感器，执行在线力传感器标定
2024-11-14 16:03:17,632 [140430751478400] INFO: 连接力传感器成功，读取力传感器数据线程启动
2024-11-14 16:03:18,467 [140430751478400] INFO: 连接机器人成功
2024-11-14 16:03:18,469 [140430751478400] INFO: 负载重心在力传感器坐标系下的坐标:x: -0.010996810670585994, y: 0.008381075092687124, z: 0.04079924036793505
2024-11-14 16:03:18,470 [140430751478400] INFO: 负载重力:[7.17083598]
2024-11-14 16:03:18,470 [140430751478400] INFO: 传感器零点:fx0: 0.44418668690965524, fy0: -3.9132144970243354, fz0: 2.8143457033027643
2024-11-14 16:03:18,470 [140430751478400] INFO: 传感器零点:Mx0: 0.04252669346713949, My0: -0.16242712048918437, Mz0: 0.0051473360860607095
2024-11-14 16:03:18,470 [140430751478400] INFO: 保存标定结果到calibration_result.json文件
2024-11-14 16:11:53,047 [140509132472960] INFO: 连接机器人和力传感器，执行在线力传感器标定
2024-11-14 16:11:53,047 [140509132472960] INFO: 连接力传感器成功，读取力传感器数据线程启动
2024-11-14 16:11:53,884 [140509132472960] INFO: 连接机器人成功
2024-11-14 16:12:11,362 [139942964429440] INFO: 连接机器人和力传感器，执行在线力传感器标定
2024-11-14 16:12:11,362 [139942964429440] INFO: 连接力传感器成功，读取力传感器数据线程启动
2024-11-14 16:12:12,241 [139942964429440] INFO: 连接机器人成功
2024-11-14 16:14:45,045 [140122686509696] INFO: 连接机器人和力传感器，执行在线力传感器标定
2024-11-14 16:14:45,046 [140122686509696] INFO: 连接力传感器成功，读取力传感器数据线程启动
2024-11-14 16:14:45,891 [140122686509696] INFO: 连接机器人成功
2024-11-14 16:18:17,139 [140698592703104] INFO: 连接机器人和力传感器，执行在线力传感器标定
2024-11-14 16:18:17,139 [140698592703104] INFO: 连接力传感器成功，读取力传感器数据线程启动
2024-11-14 16:18:17,982 [140698592703104] INFO: 连接机器人成功
2024-11-14 16:18:37,122 [140565658903168] INFO: 连接机器人和力传感器，执行在线力传感器标定
2024-11-14 16:18:37,122 [140565658903168] INFO: 连接力传感器成功，读取力传感器数据线程启动
2024-11-14 16:18:37,958 [140565658903168] INFO: 连接机器人成功
2024-11-14 16:19:57,640 [140589697041024] INFO: 连接机器人和力传感器，执行在线力传感器标定
2024-11-14 16:19:57,641 [140589697041024] INFO: 连接力传感器成功，读取力传感器数据线程启动
2024-11-14 16:19:58,477 [140589697041024] INFO: 连接机器人成功
2024-11-14 16:21:27,416 [140412627440256] INFO: 连接机器人和力传感器，执行在线力传感器标定
2024-11-14 16:21:27,416 [140412627440256] INFO: 连接力传感器成功，读取力传感器数据线程启动
2024-11-14 16:21:28,287 [140412627440256] INFO: 连接机器人成功
2024-11-14 16:29:46,856 [140451125490304] INFO: 连接机器人和力传感器，执行在线力传感器标定
2024-11-14 16:29:46,856 [140451125490304] INFO: 连接力传感器成功，读取力传感器数据线程启动
2024-11-14 16:29:47,692 [140451125490304] INFO: 连接机器人成功
2024-11-14 16:34:20,088 [140708505531008] INFO: 连接机器人和力传感器，执行在线力传感器标定
2024-11-14 16:34:20,088 [140708505531008] INFO: 连接力传感器成功，读取力传感器数据线程启动
2024-11-14 16:34:20,932 [140708505531008] INFO: 连接机器人成功
2024-11-14 16:34:56,281 [140625984828032] INFO: 连接机器人和力传感器，执行在线力传感器标定
2024-11-14 16:34:56,281 [140625984828032] INFO: 连接力传感器成功，读取力传感器数据线程启动
2024-11-14 16:34:57,127 [140625984828032] INFO: 连接机器人成功
2024-11-14 16:35:07,275 [140660788822656] INFO: 连接机器人和力传感器，执行在线力传感器标定
2024-11-14 16:35:07,276 [140660788822656] INFO: 连接力传感器成功，读取力传感器数据线程启动
2024-11-14 16:35:08,120 [140660788822656] INFO: 连接机器人成功
2024-11-14 16:35:30,279 [140076041015936] INFO: 连接机器人和力传感器，执行在线力传感器标定
2024-11-14 16:35:30,280 [140076041015936] INFO: 连接力传感器成功，读取力传感器数据线程启动
2024-11-14 16:35:31,129 [140076041015936] INFO: 连接机器人成功
2024-11-14 16:35:43,080 [140704533230208] INFO: 连接机器人和力传感器，执行在线力传感器标定
2024-11-14 16:35:43,081 [140704533230208] INFO: 连接力传感器成功，读取力传感器数据线程启动
2024-11-14 16:35:43,918 [140704533230208] INFO: 连接机器人成功
2024-11-14 17:02:01,488 [140240160805504] INFO: 连接机器人和力传感器，执行在线力传感器标定
2024-11-14 17:02:01,489 [140240160805504] INFO: 连接力传感器成功，读取力传感器数据线程启动
2024-11-14 17:02:02,324 [140240160805504] INFO: 连接机器人成功
2024-11-14 17:22:20,141 [140032106013312] INFO: 连接机器人和力传感器，执行在线力传感器标定
2024-11-14 17:22:20,142 [140032106013312] INFO: 连接力传感器成功，读取力传感器数据线程启动
2024-11-14 17:22:20,979 [140032106013312] INFO: 连接机器人成功
2024-11-14 17:24:50,662 [140563275350656] INFO: 连接机器人和力传感器，执行在线力传感器标定
2024-11-14 17:24:50,663 [140563275350656] INFO: 连接力传感器成功，读取原始力传感器数据线程启动
2024-11-14 17:24:51,501 [140563275350656] INFO: 连接机器人成功
2024-11-14 17:24:51,503 [140563275350656] INFO: 连接力传感器成功，获取外部力传感器数据线程启动
2024-11-14 17:27:01,970 [140258872738432] INFO: 连接机器人和力传感器，执行在线力传感器标定
2024-11-14 17:27:01,971 [140258872738432] INFO: 连接力传感器成功，读取原始力传感器数据线程启动
2024-11-14 17:27:02,813 [140258872738432] INFO: 连接机器人成功
2024-11-14 17:27:02,814 [140258872738432] INFO: 连接力传感器成功，获取外部力传感器数据线程启动
2024-11-14 17:31:17,876 [140533411074688] INFO: 连接机器人和力传感器，执行在线力传感器标定
2024-11-14 17:31:17,876 [140533411074688] INFO: 连接力传感器成功，读取原始力传感器数据线程启动
2024-11-14 17:31:18,709 [140533411074688] INFO: 连接机器人成功
2024-11-14 17:31:18,710 [140533411074688] INFO: 连接力传感器成功，获取外部力传感器数据线程启动
2024-12-10 10:32:57,313 [140225917215360] INFO: Dec 10 2024 10:32:57 test gripper beginning...
2024-12-10 10:32:57,325 [140225917215360] INFO: robot.rshd=0
2024-12-10 10:33:02,000 [140225917215360] INFO: Dec 10 2024 10:33:02 test completed.
2024-12-10 10:33:02,000 [140225917215360] INFO: test completed
2024-12-10 10:33:34,420 [140239381598848] INFO: Dec 10 2024 10:33:34 test gripper beginning...
2024-12-10 10:33:34,420 [140239381598848] INFO: robot.rshd=0
2024-12-10 10:33:39,000 [140239381598848] INFO: Dec 10 2024 10:33:39 test completed.
2024-12-10 10:33:39,000 [140239381598848] INFO: test completed
2024-12-10 10:33:49,951 [140300676555392] INFO: Dec 10 2024 10:33:49 test gripper beginning...
2024-12-10 10:33:49,951 [140300676555392] INFO: robot.rshd=0
2024-12-10 10:33:55,000 [140300676555392] INFO: Dec 10 2024 10:33:55 test completed.
2024-12-10 10:33:55,000 [140300676555392] INFO: test completed
2024-12-10 10:38:17,528 [139727827956352] INFO: Dec 10 2024 10:38:17 test gripper beginning...
2024-12-10 10:38:17,529 [139727827956352] INFO: robot.rshd=0
2024-12-10 10:38:23,000 [139727827956352] INFO: Dec 10 2024 10:38:23 test completed.
2024-12-10 10:38:23,000 [139727827956352] INFO: test completed
2024-12-10 10:39:24,602 [139631573828224] INFO: Dec 10 2024 10:39:24 test gripper beginning...
2024-12-10 10:39:24,602 [139631573828224] INFO: robot.rshd=0
2024-12-10 10:39:30,000 [139631573828224] INFO: Dec 10 2024 10:39:30 test completed.
2024-12-10 10:39:30,000 [139631573828224] INFO: test completed
2024-12-10 10:40:46,750 [139796988154496] INFO: Dec 10 2024 10:40:46 test gripper beginning...
2024-12-10 10:40:46,750 [139796988154496] INFO: robot.rshd=0
2024-12-10 10:40:52,000 [139796988154496] INFO: Dec 10 2024 10:40:52 test completed.
2024-12-10 10:40:52,000 [139796988154496] INFO: test completed
2024-12-10 10:51:40,904 [140589207843456] INFO: Dec 10 2024 10:51:40 test gripper beginning...
2024-12-10 10:51:40,905 [140589207843456] INFO: robot.rshd=0
2024-12-10 10:51:46,000 [140589207843456] INFO: Dec 10 2024 10:51:46 test completed.
2024-12-10 10:51:46,000 [140589207843456] INFO: test completed
